<?xml version="1.0" encoding="UTF-8"?>
<testng-results ignored="0" total="1" passed="1" failed="0" skipped="0">
  <reporter-output>
  </reporter-output>
  <suite started-at="2022-10-14T15:50:15 IST" name="Suite" finished-at="2022-10-14T15:50:24 IST" duration-ms="8379">
    <groups>
    </groups>
    <test started-at="2022-10-14T15:50:15 IST" name="Test" finished-at="2022-10-14T15:50:24 IST" duration-ms="8379">
      <class name="test.JenkinsTest1">
        <test-method signature="testrun()[pri:0, instance:test.JenkinsTest1@20d28811]" started-at="2022-10-14T15:50:15 IST" name="testrun" finished-at="2022-10-14T15:50:24 IST" duration-ms="8348" status="PASS">
          <reporter-output>
          </reporter-output>
        </test-method> <!-- testrun -->
      </class> <!-- test.JenkinsTest1 -->
    </test> <!-- Test -->
  </suite> <!-- Suite -->
</testng-results>
