<?xml version="1.0" encoding="UTF-8"?>
<testng-results ignored="0" total="1" passed="1" failed="0" skipped="0">
  <reporter-output>
  </reporter-output>
  <suite started-at="2022-10-14T15:30:38 IST" name="Default suite" finished-at="2022-10-14T15:31:10 IST" duration-ms="32412">
    <groups>
    </groups>
    <test started-at="2022-10-14T15:30:38 IST" name="Default test" finished-at="2022-10-14T15:31:10 IST" duration-ms="32412">
      <class name="test.JenkinsTest1">
        <test-method signature="testrun()[pri:0, instance:test.JenkinsTest1@72a7c7e0]" started-at="2022-10-14T15:30:38 IST" name="testrun" finished-at="2022-10-14T15:31:10 IST" duration-ms="32389" status="PASS">
          <reporter-output>
          </reporter-output>
        </test-method> <!-- testrun -->
      </class> <!-- test.JenkinsTest1 -->
    </test> <!-- Default test -->
  </suite> <!-- Default suite -->
</testng-results>
